# JRE version: OpenJDK Runtime Environment Temurin-21.0.8+9 (21.0.8+9) (build 21.0.8+9-LTS)
# Java VM: OpenJDK 64-Bit Server VM Temurin-21.0.8+9 (21.0.8+9-LTS, mixed mode, sharing, tiered, compressed oops, compressed class ptrs, g1 gc, windows-amd64)
GC Precious Log:
 CardTable entry size: 512
 Card Set container configuration: InlinePtr #cards 5 size 8 Array Of Cards #cards 12 size 40 Howl #buckets 4 coarsen threshold 1843 Howl Bitmap #cards 512 size 80 coarsen threshold 460 Card regions per heap region 1 cards per card region 2048
 CPUs: 4 total, 4 available
 Memory: 1952M
 Large Page Support: Disabled
 NUMA Support: Disabled
 Compressed Oops: Enabled (32-bit)
 Heap Region Size: 1M
 Heap Min Capacity: 8M
 Heap Initial Capacity: 32M
 Heap Max Capacity: 490M
 Pre-touch: Disabled
 Parallel Workers: 4
 Concurrent Workers: 1
 Concurrent Refinement Workers: 4
 Periodic GC: Disabled
Heap:
 garbage-first heap   total 68608K, used 38587K [0x00000000e1600000, 0x0000000100000000)
  region size 1024K, 8 young (8192K), 2 survivors (2048K)
 Metaspace       used 71486K, committed 72128K, reserved 1114112K
  class space    used 9887K, committed 10176K, reserved 1048576K
GC Heap History (20 events):
Event: 60.632 GC heap before
{Heap before GC invocations=25 (full 0):
 garbage-first heap   total 43008K, used 34393K [0x00000000e1600000, 0x0000000100000000)
  region size 1024K, 13 young (13312K), 2 survivors (2048K)
 Metaspace       used 56969K, committed 57536K, reserved 1114112K
  class space    used 7680K, committed 7936K, reserved 1048576K
}
Event: 60.642 GC heap after
{Heap after GC invocations=26 (full 0):
 garbage-first heap   total 43008K, used 24606K [0x00000000e1600000, 0x0000000100000000)
  region size 1024K, 2 young (2048K), 2 survivors (2048K)
 Metaspace       used 56969K, committed 57536K, reserved 1114112K
  class space    used 7680K, committed 7936K, reserved 1048576K
}
Event: 63.734 GC heap before
{Heap before GC invocations=26 (full 0):
 garbage-first heap   total 43008K, used 36894K [0x00000000e1600000, 0x0000000100000000)
  region size 1024K, 14 young (14336K), 2 survivors (2048K)
 Metaspace       used 59309K, committed 59904K, reserved 1114112K
  class space    used 7981K, committed 8256K, reserved 1048576K
}
Event: 63.781 GC heap after
{Heap after GC invocations=27 (full 0):
 garbage-first heap   total 43008K, used 25439K [0x00000000e1600000, 0x0000000100000000)
  region size 1024K, 2 young (2048K), 2 survivors (2048K)
 Metaspace       used 59309K, committed 59904K, reserved 1114112K
  class space    used 7981K, committed 8256K, reserved 1048576K
}
Event: 67.190 GC heap before
{Heap before GC invocations=27 (full 0):
 garbage-first heap   total 43008K, used 37727K [0x00000000e1600000, 0x0000000100000000)
  region size 1024K, 14 young (14336K), 2 survivors (2048K)
 Metaspace       used 62285K, committed 62976K, reserved 1114112K
  class space    used 8395K, committed 8704K, reserved 1048576K
}
Event: 67.225 GC heap after
{Heap after GC invocations=28 (full 0):
 garbage-first heap   total 43008K, used 26778K [0x00000000e1600000, 0x0000000100000000)
  region size 1024K, 2 young (2048K), 2 survivors (2048K)
 Metaspace       used 62285K, committed 62976K, reserved 1114112K
  class space    used 8395K, committed 8704K, reserved 1048576K
}
Event: 70.046 GC heap before
{Heap before GC invocations=29 (full 0):
 garbage-first heap   total 46080K, used 35994K [0x00000000e1600000, 0x0000000100000000)
  region size 1024K, 12 young (12288K), 2 survivors (2048K)
 Metaspace       used 64280K, committed 64960K, reserved 1114112K
  class space    used 8836K, committed 9152K, reserved 1048576K
}
Event: 70.351 GC heap after
{Heap after GC invocations=30 (full 0):
 garbage-first heap   total 46080K, used 28103K [0x00000000e1600000, 0x0000000100000000)
  region size 1024K, 2 young (2048K), 2 survivors (2048K)
 Metaspace       used 64280K, committed 64960K, reserved 1114112K
  class space    used 8836K, committed 9152K, reserved 1048576K
}
Event: 71.573 GC heap before
{Heap before GC invocations=30 (full 0):
 garbage-first heap   total 46080K, used 38343K [0x00000000e1600000, 0x0000000100000000)
  region size 1024K, 13 young (13312K), 2 survivors (2048K)
 Metaspace       used 65661K, committed 66304K, reserved 1114112K
  class space    used 9051K, committed 9344K, reserved 1048576K
}
Event: 71.586 GC heap after
{Heap after GC invocations=31 (full 0):
 garbage-first heap   total 46080K, used 28706K [0x00000000e1600000, 0x0000000100000000)
  region size 1024K, 2 young (2048K), 2 survivors (2048K)
 Metaspace       used 65661K, committed 66304K, reserved 1114112K
  class space    used 9051K, committed 9344K, reserved 1048576K
}
Event: 74.257 GC heap before
{Heap before GC invocations=31 (full 0):
 garbage-first heap   total 46080K, used 38946K [0x00000000e1600000, 0x0000000100000000)
  region size 1024K, 13 young (13312K), 2 survivors (2048K)
 Metaspace       used 66954K, committed 67584K, reserved 1114112K
  class space    used 9260K, committed 9536K, reserved 1048576K
}
Event: 74.273 GC heap after
{Heap after GC invocations=32 (full 0):
 garbage-first heap   total 46080K, used 29377K [0x00000000e1600000, 0x0000000100000000)
  region size 1024K, 2 young (2048K), 2 survivors (2048K)
 Metaspace       used 66954K, committed 67584K, reserved 1114112K
  class space    used 9260K, committed 9536K, reserved 1048576K
}
Event: 75.198 GC heap before
{Heap before GC invocations=33 (full 0):
 garbage-first heap   total 51200K, used 39617K [0x00000000e1600000, 0x0000000100000000)
  region size 1024K, 12 young (12288K), 2 survivors (2048K)
 Metaspace       used 67291K, committed 67968K, reserved 1114112K
  class space    used 9292K, committed 9600K, reserved 1048576K
}
Event: 75.205 GC heap after
{Heap after GC invocations=34 (full 0):
 garbage-first heap   total 51200K, used 30036K [0x00000000e1600000, 0x0000000100000000)
  region size 1024K, 2 young (2048K), 2 survivors (2048K)
 Metaspace       used 67291K, committed 67968K, reserved 1114112K
  class space    used 9292K, committed 9600K, reserved 1048576K
}
Event: 79.401 GC heap before
{Heap before GC invocations=34 (full 0):
 garbage-first heap   total 51200K, used 45396K [0x00000000e1600000, 0x0000000100000000)
  region size 1024K, 17 young (17408K), 2 survivors (2048K)
 Metaspace       used 69049K, committed 69696K, reserved 1114112K
  class space    used 9528K, committed 9856K, reserved 1048576K
}
Event: 79.416 GC heap after
{Heap after GC invocations=35 (full 0):
 garbage-first heap   total 51200K, used 31000K [0x00000000e1600000, 0x0000000100000000)
  region size 1024K, 3 young (3072K), 3 survivors (3072K)
 Metaspace       used 69049K, committed 69696K, reserved 1114112K
  class space    used 9528K, committed 9856K, reserved 1048576K
}
Event: 80.326 GC heap before
{Heap before GC invocations=35 (full 0):
 garbage-first heap   total 51200K, used 44312K [0x00000000e1600000, 0x0000000100000000)
  region size 1024K, 16 young (16384K), 3 survivors (3072K)
 Metaspace       used 69879K, committed 70528K, reserved 1114112K
  class space    used 9657K, committed 9920K, reserved 1048576K
}
Event: 80.339 GC heap after
{Heap after GC invocations=36 (full 0):
 garbage-first heap   total 51200K, used 32226K [0x00000000e1600000, 0x0000000100000000)
  region size 1024K, 2 young (2048K), 2 survivors (2048K)
 Metaspace       used 69879K, committed 70528K, reserved 1114112K
  class space    used 9657K, committed 9920K, reserved 1048576K
}
Event: 81.848 GC heap before
{Heap before GC invocations=37 (full 0):
 garbage-first heap   total 56320K, used 43490K [0x00000000e1600000, 0x0000000100000000)
  region size 1024K, 13 young (13312K), 2 survivors (2048K)
 Metaspace       used 70889K, committed 71552K, reserved 1114112K
  class space    used 9796K, committed 10112K, reserved 1048576K
}
Event: 81.858 GC heap after
{Heap after GC invocations=38 (full 0):
 garbage-first heap   total 68608K, used 33467K [0x00000000e1600000, 0x0000000100000000)
  region size 1024K, 2 young (2048K), 2 survivors (2048K)
 Metaspace       used 70889K, committed 71552K, reserved 1114112K
  class space    used 9796K, committed 10112K, reserved 1048576K
}

